<?xml version="1.0" encoding="UTF-8"?>
<!-- Generated by org.testng.reporters.JUnitXMLReporter -->
<testsuite hostname="DESKTOP-GMLA7V2" ignored="0" name="Default test" tests="8" failures="0" timestamp="2021-09-27T15:56:05 IST" time="169.498" errors="0">
  <testcase name="setPriceLimit1" time="23.46" classname="Testrunner.runner"/>
  <testcase name="signupdetails1" time="17.244" classname="Testrunner.runner"/>
  <testcase name="getcontactmail1" time="19.139" classname="Testrunner.runner"/>
  <testcase name="setPriceLimit" time="27.491" classname="Testrunner.runner"/>
  <testcase name="signupdetails" time="23.775" classname="Testrunner.runner"/>
  <testcase name="logindetails1" time="22.358" classname="Testrunner.runner"/>
  <testcase name="getcontactmail" time="17.056" classname="Testrunner.runner"/>
  <testcase name="Logindetails" time="18.936" classname="Testrunner.runner"/>
</testsuite> <!-- Default test -->
