<?xml version="1.0" encoding="UTF-8"?>
<!-- Generated by org.testng.reporters.JUnitXMLReporter -->
<testsuite ignored="0" hostname="LAPTOP-112CTCC4" failures="0" tests="10" name="Test" time="218.505" errors="0" timestamp="2021-09-25T15:12:09 IST">
  <testcase classname="MavenProject.casestudy.jpnagarStoreAddress" name="signupdetails" time="23.641"/>
  <testcase classname="MavenProject.casestudy.contactMail" name="getcontactmail" time="17.603"/>
  <testcase classname="MavenProject.casestudy.sofaDimensions" name="logindetails" time="25.29"/>
  <testcase classname="MavenProject.casestudy.decorMirrorPrice" name="setPriceLimit" time="19.522"/>
  <testcase classname="MavenProject.casestudy.bedsPriceLimit" name="setPriceLimit" time="18.201"/>
  <testcase classname="MavenProject.casestudy.dreamliteMatresscheck" name="logindetails" time="18.392"/>
  <testcase classname="MavenProject.casestudy.signupValid" name="signupdetails" time="28.228"/>
  <testcase classname="MavenProject.casestudy.loginInvalid" name="logindetails" time="20.183"/>
  <testcase classname="MavenProject.casestudy.checkGuntur" name="findGuntur" time="20.374"/>
  <testcase classname="MavenProject.casestudy.CategorywiseMinPrices" name="getPrices" time="23.318"/>
</testsuite> <!-- Test -->
